[2021-07-21T14:38:47.728] [DEBUG] cpptips - needLoadDir: []
[2021-07-21T14:38:47.728] [DEBUG] cpptips - needLoadLinkDir: []
[2021-07-21T14:38:47.729] [DEBUG] cpptips - 回调消息： [
  {
    text: 'build',
    data: '0',
    state: { opened: false, checked: true },
    children: [ [Object] ]
  }
]
[2021-07-21T14:38:47.729] [DEBUG] cpptips - {
  needLoadLinkDir: [],
  needLoadDir: [],
  ignorDir: [],
  ignoreFileAndDir: [
    '^[.~]{1,1}[.]{1,128}$',
    '^.*_tools_pb\\.(cpp|h)$',
    '^.*testimpl_pb\\.(cpp|h)$',
    '^.*\\.pb\\.(cc|h)$',
    '^(sk_|sm_)[a-z0-9_.]{1,128}$',
    '^mm3rd$',
    '^lib32$',
    '^lib64$',
    '^lib64_debug$',
    '^lib64_release$',
    '^lib32_debug$',
    '^lib32_release$',
    '^debug$',
    '^release$',
    '^win32$',
    '^bin$',
    '^\\.svn$',
    '^\\.git$',
    '^\\.vscode$',
    '^build64_fastbuild$'
  ],
  updateCheckIntervalTime: 600000000,
  defaultbuildscript: 'function GetBuildCommands(hander, dirname, isCommd = true){\n' +
    '\tlet commids = {\n' +
    "\t\t'make':'make clean; make -j 8;mv a.out /tmp/;'\n" +
    '\t};\n' +
    '\thander.CallBack(0, commids, dirname);\n' +
    '}',
  updateCheckUrl: 'http://9.134.38.144:8888',
  buildParams: ''
}
[2021-07-21T14:38:47.730] [DEBUG] cpptips - 回调消息： [
  '^[.~]{1,1}[.]{1,128}$',
  '^.*_tools_pb\\.(cpp|h)$',
  '^.*testimpl_pb\\.(cpp|h)$',
  '^.*\\.pb\\.(cc|h)$',
  '^(sk_|sm_)[a-z0-9_.]{1,128}$',
  '^mm3rd$',
  '^lib32$',
  '^lib64$',
  '^lib64_debug$',
  '^lib64_release$',
  '^lib32_debug$',
  '^lib32_release$',
  '^debug$',
  '^release$',
  '^win32$',
  '^bin$',
  '^\\.svn$',
  '^\\.git$',
  '^\\.vscode$',
  '^build64_fastbuild$'
]
[2021-07-21T14:38:53.165] [DEBUG] cpptips - { cmd: 'saveIndexConfig', config: [ '/build/' ] }
[2021-07-21T14:38:53.165] [DEBUG] cpptips - _newIndexConfig: [ '/build/' ]
[2021-07-21T14:38:53.166] [DEBUG] cpptips - save config.
[2021-07-21T14:38:56.134] [DEBUG] cpptips - close webview.
