Determining if the pthread_create exist failed with the following output:
Change Dir: /home/freeverc/Projects/Other/pointcloud_cluster/build/CMakeFiles/CMakeTmp

Run Build Command:"/usr/bin/make" "cmTC_a3f93/fast"
/usr/bin/make -f CMakeFiles/cmTC_a3f93.dir/build.make CMakeFiles/cmTC_a3f93.dir/build
make[1]: 进入目录“/home/freeverc/Projects/Other/pointcloud_cluster/build/CMakeFiles/CMakeTmp”
Building C object CMakeFiles/cmTC_a3f93.dir/CheckSymbolExists.c.o
/usr/bin/gcc-7    -o CMakeFiles/cmTC_a3f93.dir/CheckSymbolExists.c.o   -c /home/freeverc/Projects/Other/pointcloud_cluster/build/CMakeFiles/CMakeTmp/CheckSymbolExists.c
Linking C executable cmTC_a3f93
/usr/bin/cmake -E cmake_link_script CMakeFiles/cmTC_a3f93.dir/link.txt --verbose=1
/usr/bin/gcc-7      CMakeFiles/cmTC_a3f93.dir/CheckSymbolExists.c.o  -o cmTC_a3f93 
CMakeFiles/cmTC_a3f93.dir/CheckSymbolExists.c.o：在函数‘main’中：
CheckSymbolExists.c:(.text+0x1b)：对‘pthread_create’未定义的引用
collect2: error: ld returned 1 exit status
CMakeFiles/cmTC_a3f93.dir/build.make:97: recipe for target 'cmTC_a3f93' failed
make[1]: *** [cmTC_a3f93] Error 1
make[1]: 离开目录“/home/freeverc/Projects/Other/pointcloud_cluster/build/CMakeFiles/CMakeTmp”
Makefile:126: recipe for target 'cmTC_a3f93/fast' failed
make: *** [cmTC_a3f93/fast] Error 2

File /home/freeverc/Projects/Other/pointcloud_cluster/build/CMakeFiles/CMakeTmp/CheckSymbolExists.c:
/* */
#include <pthread.h>

int main(int argc, char** argv)
{
  (void)argv;
#ifndef pthread_create
  return ((int*)(&pthread_create))[argc];
#else
  (void)argc;
  return 0;
#endif
}

Determining if the function pthread_create exists in the pthreads failed with the following output:
Change Dir: /home/freeverc/Projects/Other/pointcloud_cluster/build/CMakeFiles/CMakeTmp

Run Build Command:"/usr/bin/make" "cmTC_4b128/fast"
/usr/bin/make -f CMakeFiles/cmTC_4b128.dir/build.make CMakeFiles/cmTC_4b128.dir/build
make[1]: 进入目录“/home/freeverc/Projects/Other/pointcloud_cluster/build/CMakeFiles/CMakeTmp”
Building C object CMakeFiles/cmTC_4b128.dir/CheckFunctionExists.c.o
/usr/bin/gcc-7   -DCHECK_FUNCTION_EXISTS=pthread_create   -o CMakeFiles/cmTC_4b128.dir/CheckFunctionExists.c.o   -c /usr/share/cmake-3.10/Modules/CheckFunctionExists.c
Linking C executable cmTC_4b128
/usr/bin/cmake -E cmake_link_script CMakeFiles/cmTC_4b128.dir/link.txt --verbose=1
/usr/bin/gcc-7  -DCHECK_FUNCTION_EXISTS=pthread_create    CMakeFiles/cmTC_4b128.dir/CheckFunctionExists.c.o  -o cmTC_4b128 -lpthreads 
/usr/bin/ld: 找不到 -lpthreads
collect2: error: ld returned 1 exit status
CMakeFiles/cmTC_4b128.dir/build.make:97: recipe for target 'cmTC_4b128' failed
make[1]: *** [cmTC_4b128] Error 1
make[1]: 离开目录“/home/freeverc/Projects/Other/pointcloud_cluster/build/CMakeFiles/CMakeTmp”
Makefile:126: recipe for target 'cmTC_4b128/fast' failed
make: *** [cmTC_4b128/fast] Error 2


